<?xml version="1.0" encoding="UTF-8"?>
<coverage generated="1482508393">
  <project timestamp="1482508393">
    <package name="Rugaard\MetaScraper\Exceptions">
      <file name="/Users/moru01/Sites/Private/shortlinks/rugaard/MetaScraper/src/Exceptions/AttributeNotFoundException.php">
        <class name="AttributeNotFoundException" namespace="Rugaard\MetaScraper\Exceptions" fullPackage="Rugaard" package="Rugaard">
          <metrics complexity="0" methods="0" coveredmethods="0" conditionals="0" coveredconditionals="0" statements="0" coveredstatements="0" elements="0" coveredelements="0"/>
        </class>
        <metrics loc="15" ncloc="10" classes="1" methods="0" coveredmethods="0" conditionals="0" coveredconditionals="0" statements="0" coveredstatements="0" elements="0" coveredelements="0"/>
      </file>
      <file name="/Users/moru01/Sites/Private/shortlinks/rugaard/MetaScraper/src/Exceptions/InvalidUrlException.php">
        <class name="InvalidUrlException" namespace="Rugaard\MetaScraper\Exceptions" fullPackage="Rugaard" package="Rugaard">
          <metrics complexity="0" methods="0" coveredmethods="0" conditionals="0" coveredconditionals="0" statements="0" coveredstatements="0" elements="0" coveredelements="0"/>
        </class>
        <metrics loc="15" ncloc="10" classes="1" methods="0" coveredmethods="0" conditionals="0" coveredconditionals="0" statements="0" coveredstatements="0" elements="0" coveredelements="0"/>
      </file>
      <file name="/Users/moru01/Sites/Private/shortlinks/rugaard/MetaScraper/src/Exceptions/NoItemsException.php">
        <class name="NoItemsException" namespace="Rugaard\MetaScraper\Exceptions" fullPackage="Rugaard" package="Rugaard">
          <metrics complexity="0" methods="0" coveredmethods="0" conditionals="0" coveredconditionals="0" statements="0" coveredstatements="0" elements="0" coveredelements="0"/>
        </class>
        <metrics loc="15" ncloc="10" classes="1" methods="0" coveredmethods="0" conditionals="0" coveredconditionals="0" statements="0" coveredstatements="0" elements="0" coveredelements="0"/>
      </file>
      <file name="/Users/moru01/Sites/Private/shortlinks/rugaard/MetaScraper/src/Exceptions/RequestFailedException.php">
        <class name="RequestFailedException" namespace="Rugaard\MetaScraper\Exceptions" fullPackage="Rugaard" package="Rugaard">
          <metrics complexity="0" methods="0" coveredmethods="0" conditionals="0" coveredconditionals="0" statements="0" coveredstatements="0" elements="0" coveredelements="0"/>
        </class>
        <metrics loc="15" ncloc="10" classes="1" methods="0" coveredmethods="0" conditionals="0" coveredconditionals="0" statements="0" coveredstatements="0" elements="0" coveredelements="0"/>
      </file>
    </package>
    <package name="Rugaard\MetaScraper">
      <file name="/Users/moru01/Sites/Private/shortlinks/rugaard/MetaScraper/src/Meta.php">
        <class name="Meta" namespace="Rugaard\MetaScraper" fullPackage="Rugaard" package="Rugaard">
          <metrics complexity="19" methods="9" coveredmethods="0" conditionals="0" coveredconditionals="0" statements="30" coveredstatements="0" elements="39" coveredelements="0"/>
        </class>
        <line num="41" type="method" name="__construct" visibility="public" complexity="1" crap="2" count="0"/>
        <line num="43" type="stmt" count="0"/>
        <line num="44" type="stmt" count="0"/>
        <line num="45" type="stmt" count="0"/>
        <line num="53" type="method" name="parseAttributes" visibility="private" complexity="8" crap="72" count="0"/>
        <line num="55" type="stmt" count="0"/>
        <line num="57" type="stmt" count="0"/>
        <line num="58" type="stmt" count="0"/>
        <line num="59" type="stmt" count="0"/>
        <line num="60" type="stmt" count="0"/>
        <line num="61" type="stmt" count="0"/>
        <line num="63" type="stmt" count="0"/>
        <line num="66" type="stmt" count="0"/>
        <line num="67" type="stmt" count="0"/>
        <line num="68" type="stmt" count="0"/>
        <line num="69" type="stmt" count="0"/>
        <line num="71" type="stmt" count="0"/>
        <line num="73" type="stmt" count="0"/>
        <line num="76" type="stmt" count="0"/>
        <line num="77" type="stmt" count="0"/>
        <line num="81" type="stmt" count="0"/>
        <line num="90" type="method" name="hasAttribute" visibility="public" complexity="1" crap="2" count="0"/>
        <line num="92" type="stmt" count="0"/>
        <line num="102" type="method" name="getAttribute" visibility="public" complexity="2" crap="6" count="0"/>
        <line num="104" type="stmt" count="0"/>
        <line num="105" type="stmt" count="0"/>
        <line num="108" type="stmt" count="0"/>
        <line num="116" type="method" name="hasNamespace" visibility="public" complexity="1" crap="2" count="0"/>
        <line num="118" type="stmt" count="0"/>
        <line num="127" type="method" name="getNamespace" visibility="public" complexity="2" crap="6" count="0"/>
        <line num="131" type="stmt" count="0"/>
        <line num="132" type="stmt" count="0"/>
        <line num="135" type="stmt" count="0"/>
        <line num="143" type="method" name="getName" visibility="public" complexity="1" crap="2" count="0"/>
        <line num="145" type="stmt" count="0"/>
        <line num="153" type="method" name="getNameWithNamespace" visibility="public" complexity="2" crap="6" count="0"/>
        <line num="155" type="stmt" count="0"/>
        <line num="163" type="method" name="getValue" visibility="public" complexity="1" crap="2" count="0"/>
        <line num="165" type="stmt" count="0"/>
        <metrics loc="166" ncloc="86" classes="1" methods="9" coveredmethods="0" conditionals="0" coveredconditionals="0" statements="30" coveredstatements="0" elements="39" coveredelements="0"/>
      </file>
      <file name="/Users/moru01/Sites/Private/shortlinks/rugaard/MetaScraper/src/Scraper.php">
        <class name="Scraper" namespace="Rugaard\MetaScraper" fullPackage="Rugaard" package="Rugaard">
          <metrics complexity="23" methods="10" coveredmethods="5" conditionals="0" coveredconditionals="0" statements="34" coveredstatements="27" elements="44" coveredelements="32"/>
        </class>
        <line num="50" type="method" name="__construct" visibility="public" complexity="1" crap="1" count="8"/>
        <line num="53" type="stmt" count="8"/>
        <line num="57" type="stmt" count="8"/>
        <line num="58" type="stmt" count="8"/>
        <line num="68" type="method" name="load" visibility="public" complexity="4" crap="4.84" count="2"/>
        <line num="71" type="stmt" count="2"/>
        <line num="72" type="stmt" count="1"/>
        <line num="77" type="stmt" count="1"/>
        <line num="78" type="stmt" count="1"/>
        <line num="79" type="stmt" count="1"/>
        <line num="84" type="stmt" count="0"/>
        <line num="85" type="stmt" count="0"/>
        <line num="88" type="stmt" count="0"/>
        <line num="99" type="method" name="anonymous function" complexity="2" crap="6" count="0"/>
        <line num="102" type="stmt" count="0"/>
        <line num="112" type="method" name="extractByTag" visibility="public" complexity="4" crap="4" count="2"/>
        <line num="115" type="stmt" count="2"/>
        <line num="117" type="stmt" count="2"/>
        <line num="118" type="stmt" count="1"/>
        <line num="122" type="stmt" count="1"/>
        <line num="126" type="stmt" count="1"/>
        <line num="127" type="stmt" count="1"/>
        <line num="130" type="stmt" count="1"/>
        <line num="140" type="method" name="extractAttributesFromTag" visibility="protected" complexity="4" crap="4.02" count="3"/>
        <line num="143" type="stmt" count="3"/>
        <line num="144" type="stmt" count="3"/>
        <line num="145" type="stmt" count="1"/>
        <line num="149" type="stmt" count="2"/>
        <line num="153" type="stmt" count="2"/>
        <line num="155" type="stmt" count="2"/>
        <line num="158" type="stmt" count="0"/>
        <line num="162" type="stmt" count="2"/>
        <line num="165" type="stmt" count="2"/>
        <line num="173" type="method" name="getContentBodyAsString" visibility="public" complexity="2" crap="6" count="0"/>
        <line num="175" type="stmt" count="0"/>
        <line num="184" type="method" name="setClient" visibility="public" complexity="1" crap="1" count="1"/>
        <line num="186" type="stmt" count="1"/>
        <line num="187" type="stmt" count="1"/>
        <line num="195" type="method" name="getClient" visibility="public" complexity="1" crap="1" count="1"/>
        <line num="197" type="stmt" count="1"/>
        <line num="205" type="method" name="getMetaTags" visibility="public" complexity="1" crap="1" count="1"/>
        <line num="207" type="stmt" count="1"/>
        <line num="215" type="method" name="getDebugContentBody" visibility="public" complexity="1" crap="2" count="0"/>
        <line num="310" type="stmt" count="0"/>
        <metrics loc="311" ncloc="193" classes="1" methods="10" coveredmethods="5" conditionals="0" coveredconditionals="0" statements="34" coveredstatements="27" elements="44" coveredelements="32"/>
      </file>
    </package>
    <package name="Rugaard\MetaScraper\Traits\OpenGraph\MediaTypes">
      <file name="/Users/moru01/Sites/Private/shortlinks/rugaard/MetaScraper/src/Traits/OpenGraph/MediaTypes/AbstractMediaType.php">
        <class name="AbstractMediaType" namespace="Rugaard\MetaScraper\Traits\OpenGraph\MediaTypes" fullPackage="Rugaard" package="Rugaard">
          <metrics complexity="10" methods="0" coveredmethods="0" conditionals="0" coveredconditionals="0" statements="0" coveredstatements="0" elements="0" coveredelements="0"/>
        </class>
        <metrics loc="131" ncloc="65" classes="1" methods="0" coveredmethods="0" conditionals="0" coveredconditionals="0" statements="0" coveredstatements="0" elements="0" coveredelements="0"/>
      </file>
      <file name="/Users/moru01/Sites/Private/shortlinks/rugaard/MetaScraper/src/Traits/OpenGraph/MediaTypes/Audio.php">
        <class name="Audio" namespace="Rugaard\MetaScraper\Traits\OpenGraph\MediaTypes" fullPackage="Rugaard" package="Rugaard">
          <metrics complexity="0" methods="0" coveredmethods="0" conditionals="0" coveredconditionals="0" statements="0" coveredstatements="0" elements="0" coveredelements="0"/>
        </class>
        <metrics loc="12" ncloc="7" classes="1" methods="0" coveredmethods="0" conditionals="0" coveredconditionals="0" statements="0" coveredstatements="0" elements="0" coveredelements="0"/>
      </file>
      <file name="/Users/moru01/Sites/Private/shortlinks/rugaard/MetaScraper/src/Traits/OpenGraph/MediaTypes/Image.php">
        <class name="Image" namespace="Rugaard\MetaScraper\Traits\OpenGraph\MediaTypes" fullPackage="Rugaard" package="Rugaard">
          <metrics complexity="4" methods="0" coveredmethods="0" conditionals="0" coveredconditionals="0" statements="0" coveredstatements="0" elements="0" coveredelements="0"/>
        </class>
        <metrics loc="69" ncloc="32" classes="1" methods="0" coveredmethods="0" conditionals="0" coveredconditionals="0" statements="0" coveredstatements="0" elements="0" coveredelements="0"/>
      </file>
      <file name="/Users/moru01/Sites/Private/shortlinks/rugaard/MetaScraper/src/Traits/OpenGraph/MediaTypes/Video.php">
        <class name="Video" namespace="Rugaard\MetaScraper\Traits\OpenGraph\MediaTypes" fullPackage="Rugaard" package="Rugaard">
          <metrics complexity="4" methods="0" coveredmethods="0" conditionals="0" coveredconditionals="0" statements="0" coveredstatements="0" elements="0" coveredelements="0"/>
        </class>
        <metrics loc="69" ncloc="32" classes="1" methods="0" coveredmethods="0" conditionals="0" coveredconditionals="0" statements="0" coveredstatements="0" elements="0" coveredelements="0"/>
      </file>
    </package>
    <package name="Rugaard\MetaScraper\Traits\OpenGraph\Objects">
      <file name="/Users/moru01/Sites/Private/shortlinks/rugaard/MetaScraper/src/Traits/OpenGraph/Objects/AbstractObject.php">
        <class name="AbstractObject" namespace="Rugaard\MetaScraper\Traits\OpenGraph\Objects" fullPackage="Rugaard" package="Rugaard">
          <metrics complexity="4" methods="1" coveredmethods="0" conditionals="0" coveredconditionals="0" statements="3" coveredstatements="0" elements="4" coveredelements="0"/>
        </class>
        <line num="20" type="method" name="__construct" visibility="public" complexity="3" crap="12" count="0"/>
        <line num="22" type="stmt" count="0"/>
        <line num="23" type="stmt" count="0"/>
        <line num="25" type="stmt" count="0"/>
        <metrics loc="33" ncloc="17" classes="1" methods="1" coveredmethods="0" conditionals="0" coveredconditionals="0" statements="3" coveredstatements="0" elements="4" coveredelements="0"/>
      </file>
      <file name="/Users/moru01/Sites/Private/shortlinks/rugaard/MetaScraper/src/Traits/OpenGraph/Objects/Book.php">
        <class name="Book" namespace="Rugaard\MetaScraper\Traits\OpenGraph\Objects" fullPackage="Rugaard" package="Rugaard">
          <metrics complexity="21" methods="0" coveredmethods="0" conditionals="0" coveredconditionals="0" statements="0" coveredstatements="0" elements="0" coveredelements="0"/>
        </class>
        <metrics loc="58" ncloc="36" classes="1" methods="0" coveredmethods="0" conditionals="0" coveredconditionals="0" statements="0" coveredstatements="0" elements="0" coveredelements="0"/>
      </file>
      <file name="/Users/moru01/Sites/Private/shortlinks/rugaard/MetaScraper/src/Traits/OpenGraph/Objects/Business.php">
        <class name="Business" namespace="Rugaard\MetaScraper\Traits\OpenGraph\Objects" fullPackage="Rugaard" package="Rugaard">
          <metrics complexity="13" methods="0" coveredmethods="0" conditionals="0" coveredconditionals="0" statements="0" coveredstatements="0" elements="0" coveredelements="0"/>
        </class>
        <metrics loc="52" ncloc="30" classes="1" methods="0" coveredmethods="0" conditionals="0" coveredconditionals="0" statements="0" coveredstatements="0" elements="0" coveredelements="0"/>
      </file>
      <file name="/Users/moru01/Sites/Private/shortlinks/rugaard/MetaScraper/src/Traits/OpenGraph/Objects/Fitness.php">
        <class name="Fitness" namespace="Rugaard\MetaScraper\Traits\OpenGraph\Objects" fullPackage="Rugaard" package="Rugaard">
          <metrics complexity="51" methods="0" coveredmethods="0" conditionals="0" coveredconditionals="0" statements="0" coveredstatements="0" elements="0" coveredelements="0"/>
        </class>
        <metrics loc="90" ncloc="64" classes="1" methods="0" coveredmethods="0" conditionals="0" coveredconditionals="0" statements="0" coveredstatements="0" elements="0" coveredelements="0"/>
      </file>
      <file name="/Users/moru01/Sites/Private/shortlinks/rugaard/MetaScraper/src/Traits/OpenGraph/Objects/Game.php">
        <class name="Game" namespace="Rugaard\MetaScraper\Traits\OpenGraph\Objects" fullPackage="Rugaard" package="Rugaard">
          <metrics complexity="11" methods="0" coveredmethods="0" conditionals="0" coveredconditionals="0" statements="0" coveredstatements="0" elements="0" coveredelements="0"/>
        </class>
        <metrics loc="52" ncloc="30" classes="1" methods="0" coveredmethods="0" conditionals="0" coveredconditionals="0" statements="0" coveredstatements="0" elements="0" coveredelements="0"/>
      </file>
      <file name="/Users/moru01/Sites/Private/shortlinks/rugaard/MetaScraper/src/Traits/OpenGraph/Objects/Music.php">
        <class name="Music" namespace="Rugaard\MetaScraper\Traits\OpenGraph\Objects" fullPackage="Rugaard" package="Rugaard">
          <metrics complexity="27" methods="0" coveredmethods="0" conditionals="0" coveredconditionals="0" statements="0" coveredstatements="0" elements="0" coveredelements="0"/>
        </class>
        <metrics loc="65" ncloc="41" classes="1" methods="0" coveredmethods="0" conditionals="0" coveredconditionals="0" statements="0" coveredstatements="0" elements="0" coveredelements="0"/>
      </file>
      <file name="/Users/moru01/Sites/Private/shortlinks/rugaard/MetaScraper/src/Traits/OpenGraph/Objects/Place.php">
        <class name="Place" namespace="Rugaard\MetaScraper\Traits\OpenGraph\Objects" fullPackage="Rugaard" package="Rugaard">
          <metrics complexity="3" methods="0" coveredmethods="0" conditionals="0" coveredconditionals="0" statements="0" coveredstatements="0" elements="0" coveredelements="0"/>
        </class>
        <metrics loc="39" ncloc="17" classes="1" methods="0" coveredmethods="0" conditionals="0" coveredconditionals="0" statements="0" coveredstatements="0" elements="0" coveredelements="0"/>
      </file>
      <file name="/Users/moru01/Sites/Private/shortlinks/rugaard/MetaScraper/src/Traits/OpenGraph/Objects/Product.php">
        <class name="Product" namespace="Rugaard\MetaScraper\Traits\OpenGraph\Objects" fullPackage="Rugaard" package="Rugaard">
          <metrics complexity="41" methods="0" coveredmethods="0" conditionals="0" coveredconditionals="0" statements="0" coveredstatements="0" elements="0" coveredelements="0"/>
        </class>
        <metrics loc="73" ncloc="49" classes="1" methods="0" coveredmethods="0" conditionals="0" coveredconditionals="0" statements="0" coveredstatements="0" elements="0" coveredelements="0"/>
      </file>
      <file name="/Users/moru01/Sites/Private/shortlinks/rugaard/MetaScraper/src/Traits/OpenGraph/Objects/Profile.php">
        <class name="Profile" namespace="Rugaard\MetaScraper\Traits\OpenGraph\Objects" fullPackage="Rugaard" package="Rugaard">
          <metrics complexity="3" methods="0" coveredmethods="0" conditionals="0" coveredconditionals="0" statements="0" coveredstatements="0" elements="0" coveredelements="0"/>
        </class>
        <metrics loc="39" ncloc="17" classes="1" methods="0" coveredmethods="0" conditionals="0" coveredconditionals="0" statements="0" coveredstatements="0" elements="0" coveredelements="0"/>
      </file>
      <file name="/Users/moru01/Sites/Private/shortlinks/rugaard/MetaScraper/src/Traits/OpenGraph/Objects/Restaurant.php">
        <class name="Restaurant" namespace="Rugaard\MetaScraper\Traits\OpenGraph\Objects" fullPackage="Rugaard" package="Rugaard">
          <metrics complexity="23" methods="0" coveredmethods="0" conditionals="0" coveredconditionals="0" statements="0" coveredstatements="0" elements="0" coveredelements="0"/>
        </class>
        <metrics loc="64" ncloc="40" classes="1" methods="0" coveredmethods="0" conditionals="0" coveredconditionals="0" statements="0" coveredstatements="0" elements="0" coveredelements="0"/>
      </file>
      <file name="/Users/moru01/Sites/Private/shortlinks/rugaard/MetaScraper/src/Traits/OpenGraph/Objects/Video.php">
        <class name="Video" namespace="Rugaard\MetaScraper\Traits\OpenGraph\Objects" fullPackage="Rugaard" package="Rugaard">
          <metrics complexity="23" methods="0" coveredmethods="0" conditionals="0" coveredconditionals="0" statements="0" coveredstatements="0" elements="0" coveredelements="0"/>
        </class>
        <metrics loc="64" ncloc="40" classes="1" methods="0" coveredmethods="0" conditionals="0" coveredconditionals="0" statements="0" coveredstatements="0" elements="0" coveredelements="0"/>
      </file>
    </package>
    <package name="Rugaard\MetaScraper\Traits\OpenGraph">
      <file name="/Users/moru01/Sites/Private/shortlinks/rugaard/MetaScraper/src/Traits/OpenGraph/OpenGraph.php">
        <class name="OpenGraph" namespace="Rugaard\MetaScraper\Traits\OpenGraph" fullPackage="Rugaard" package="Rugaard">
          <metrics complexity="34" methods="8" coveredmethods="0" conditionals="0" coveredconditionals="0" statements="39" coveredstatements="0" elements="47" coveredelements="0"/>
        </class>
        <line num="42" type="method" name="openGraph" visibility="public" complexity="1" crap="2" count="0"/>
        <line num="45" type="stmt" count="0"/>
        <line num="48" type="stmt" count="0"/>
        <line num="51" type="stmt" count="0"/>
        <line num="54" type="stmt" count="0"/>
        <line num="56" type="stmt" count="0"/>
        <line num="65" type="method" name="parseOpenGraphStandard" visibility="private" complexity="9" crap="90" count="0"/>
        <line num="67" type="stmt" count="0"/>
        <line num="75" type="stmt" count="0"/>
        <line num="79" type="stmt" count="0"/>
        <line num="80" type="stmt" count="0"/>
        <line num="85" type="stmt" count="0"/>
        <line num="89" type="stmt" count="0"/>
        <line num="90" type="stmt" count="0"/>
        <line num="92" type="stmt" count="0"/>
        <line num="101" type="stmt" count="0"/>
        <line num="102" type="stmt" count="0"/>
        <line num="103" type="stmt" count="0"/>
        <line num="104" type="stmt" count="0"/>
        <line num="105" type="stmt" count="0"/>
        <line num="106" type="stmt" count="0"/>
        <line num="107" type="stmt" count="0"/>
        <line num="108" type="stmt" count="0"/>
        <line num="111" type="stmt" count="0"/>
        <line num="114" type="stmt" count="0"/>
        <line num="122" type="method" name="parseOpenGraphMedia" visibility="private" complexity="10" crap="110" count="0"/>
        <line num="124" type="stmt" count="0"/>
        <line num="132" type="stmt" count="0"/>
        <line num="136" type="stmt" count="0"/>
        <line num="137" type="stmt" count="0"/>
        <line num="141" type="stmt" count="0"/>
        <line num="145" type="stmt" count="0"/>
        <line num="147" type="method" name="anonymous function" complexity="8" crap="72" count="0"/>
        <line num="167" type="stmt" count="0"/>
        <line num="170" type="stmt" count="0"/>
        <line num="172" type="stmt" count="0"/>
        <line num="179" type="method" name="parseOpenGraphObjects" visibility="private" complexity="3" crap="12" count="0"/>
        <line num="181" type="stmt" count="0"/>
        <line num="183" type="stmt" count="0"/>
        <line num="184" type="stmt" count="0"/>
        <line num="185" type="stmt" count="0"/>
        <line num="188" type="stmt" count="0"/>
        <line num="190" type="stmt" count="0"/>
        <line num="197" type="method" name="getOpenGraphStandardProperties" visibility="private" complexity="1" crap="2" count="0"/>
        <line num="200" type="stmt" count="0"/>
        <line num="220" type="method" name="getOpenGraphMediaTypes" visibility="private" complexity="1" crap="2" count="0"/>
        <line num="223" type="stmt" count="0"/>
        <line num="234" type="method" name="getOpenGraphObjectTypes" visibility="private" complexity="1" crap="2" count="0"/>
        <line num="237" type="stmt" count="0"/>
        <metrics loc="248" ncloc="147" classes="1" methods="8" coveredmethods="0" conditionals="0" coveredconditionals="0" statements="41" coveredstatements="0" elements="49" coveredelements="0"/>
      </file>
    </package>
    <metrics files="22" loc="1695" ncloc="983" classes="22" methods="28" coveredmethods="5" conditionals="0" coveredconditionals="0" statements="108" coveredstatements="27" elements="136" coveredelements="32"/>
  </project>
</coverage>
